<?xml version="1.0" encoding="UTF-8"?>
<!-- Generated by org.testng.reporters.JUnitReportReporter -->
<testsuite skipped="0" hostname="IMCBCP464-MSL1" name="testcases.Loginapplication" tests="1" failures="0" timestamp="2020-12-14T21:59:53 IST" time="8.525" errors="0">
  <testcase name="login" time="8.525" classname="testcases.Loginapplication"/>
  <system-out/>
</testsuite> <!-- testcases.Loginapplication -->
